<?xml version="1.0" encoding="UTF-8"?>
<testsuite xmlns:xsi="http://www.w3.org/2001/XMLSchema-instance" xsi:noNamespaceSchemaLocation="https://maven.apache.org/surefire/maven-surefire-plugin/xsd/surefire-test-report-3.0.xsd" version="3.0" name="com.sahoo.test.BankLoanServiceTest" time="15.242" tests="5" errors="0" skipped="1" failures="0">
  <properties>
    <property name="java.specification.version" value="17"/>
    <property name="sun.cpu.isalist" value="amd64"/>
    <property name="sun.jnu.encoding" value="Cp1252"/>
    <property name="java.class.path" value="D:\All_Projects_WorkSpace\JunitTestPorj5\target\test-classes;D:\All_Projects_WorkSpace\JunitTestPorj5\target\classes;C:\Users\mksah\.m2\repository\org\junit\jupiter\junit-jupiter-api\5.10.2\junit-jupiter-api-5.10.2.jar;C:\Users\mksah\.m2\repository\org\opentest4j\opentest4j\1.3.0\opentest4j-1.3.0.jar;C:\Users\mksah\.m2\repository\org\junit\platform\junit-platform-commons\1.10.2\junit-platform-commons-1.10.2.jar;C:\Users\mksah\.m2\repository\org\apiguardian\apiguardian-api\1.1.2\apiguardian-api-1.1.2.jar;C:\Users\mksah\.m2\repository\org\junit\jupiter\junit-jupiter-params\5.10.2\junit-jupiter-params-5.10.2.jar;"/>
    <property name="java.vm.vendor" value="Oracle Corporation"/>
    <property name="sun.arch.data.model" value="64"/>
    <property name="user.variant" value=""/>
    <property name="java.vendor.url" value="https://java.oracle.com/"/>
    <property name="user.timezone" value="Asia/Calcutta"/>
    <property name="os.name" value="Windows 11"/>
    <property name="java.vm.specification.version" value="17"/>
    <property name="sun.java.launcher" value="SUN_STANDARD"/>
    <property name="user.country" value="IN"/>
    <property name="sun.boot.library.path" value="C:\Program Files\JavaNew\jdk-17\bin"/>
    <property name="sun.java.command" value="C:\Users\mksah\AppData\Local\Temp\surefire6575215601132788439\surefirebooter-20240322191436386_3.jar C:\Users\mksah\AppData\Local\Temp\surefire6575215601132788439 2024-03-22T19-14-33_968-jvmRun1 surefire-20240322191436386_1tmp surefire_0-20240322191436386_2tmp"/>
    <property name="jdk.debug" value="release"/>
    <property name="surefire.test.class.path" value="D:\All_Projects_WorkSpace\JunitTestPorj5\target\test-classes;D:\All_Projects_WorkSpace\JunitTestPorj5\target\classes;C:\Users\mksah\.m2\repository\org\junit\jupiter\junit-jupiter-api\5.10.2\junit-jupiter-api-5.10.2.jar;C:\Users\mksah\.m2\repository\org\opentest4j\opentest4j\1.3.0\opentest4j-1.3.0.jar;C:\Users\mksah\.m2\repository\org\junit\platform\junit-platform-commons\1.10.2\junit-platform-commons-1.10.2.jar;C:\Users\mksah\.m2\repository\org\apiguardian\apiguardian-api\1.1.2\apiguardian-api-1.1.2.jar;C:\Users\mksah\.m2\repository\org\junit\jupiter\junit-jupiter-params\5.10.2\junit-jupiter-params-5.10.2.jar;"/>
    <property name="sun.cpu.endian" value="little"/>
    <property name="user.home" value="C:\Users\mksah"/>
    <property name="user.language" value="en"/>
    <property name="java.specification.vendor" value="Oracle Corporation"/>
    <property name="java.version.date" value="2023-07-18"/>
    <property name="java.home" value="C:\Program Files\JavaNew\jdk-17"/>
    <property name="file.separator" value="\"/>
    <property name="style.color" value="always"/>
    <property name="basedir" value="D:\All_Projects_WorkSpace\JunitTestPorj5"/>
    <property name="java.vm.compressedOopsMode" value="32-bit"/>
    <property name="line.separator" value="&#10;"/>
    <property name="java.vm.specification.vendor" value="Oracle Corporation"/>
    <property name="java.specification.name" value="Java Platform API Specification"/>
    <property name="surefire.real.class.path" value="C:\Users\mksah\AppData\Local\Temp\surefire6575215601132788439\surefirebooter-20240322191436386_3.jar"/>
    <property name="user.script" value=""/>
    <property name="sun.management.compiler" value="HotSpot 64-Bit Tiered Compilers"/>
    <property name="java.runtime.version" value="17.0.8+9-LTS-211"/>
    <property name="user.name" value="mksah"/>
    <property name="path.separator" value=";"/>
    <property name="os.version" value="10.0"/>
    <property name="java.runtime.name" value="Java(TM) SE Runtime Environment"/>
    <property name="file.encoding" value="Cp1252"/>
    <property name="java.vm.name" value="Java HotSpot(TM) 64-Bit Server VM"/>
    <property name="localRepository" value="C:\Users\mksah\.m2\repository"/>
    <property name="java.vendor.url.bug" value="https://bugreport.java.com/bugreport/"/>
    <property name="java.io.tmpdir" value="C:\Users\mksah\AppData\Local\Temp\"/>
    <property name="java.version" value="17.0.8"/>
    <property name="user.dir" value="D:\All_Projects_WorkSpace\JunitTestPorj5"/>
    <property name="os.arch" value="amd64"/>
    <property name="java.vm.specification.name" value="Java Virtual Machine Specification"/>
    <property name="sun.os.patch.level" value=""/>
    <property name="native.encoding" value="Cp1252"/>
    <property name="java.library.path" value="C:\Program Files\JavaNew\jdk-17\bin;C:\WINDOWS\Sun\Java\bin;C:\WINDOWS\system32;C:\WINDOWS;C:\app\mksah\product\12.1.0\dbhome_1\bin;C:\Program Files\Common Files\Oracle\Java\javapath;C:\Windows\system32;C:\Windows;C:\Windows\System32\Wbem;C:\Windows\System32\WindowsPowerShell\v1.0\;C:\Windows\System32\OpenSSH\;C:\Program Files (x86)\NVIDIA Corporation\PhysX\Common;C:\Program Files\NVIDIA Corporation\NVIDIA NvDLISR;C:\Mukti\Software\apache-maven-3.8.6\bin;C:\Program Files\Java\jdk-15.0.2\bin;C:\Program Files\dotnet\;C:\WINDOWS\system32;C:\WINDOWS;C:\WINDOWS\System32\Wbem;C:\WINDOWS\System32\WindowsPowerShell\v1.0\;C:\WINDOWS\System32\OpenSSH\;C:\ProgramData\Microsoft\Windows\Start Menu\Programs\Node.js;C:\Program Files\nodejs\;C:\Program Files\Git\cmd;C:\Program Files\MySQL\MySQL Shell 8.0\bin\;C:\Users\mksah\AppData\Local\Microsoft\WindowsApps;;C:\Program Files\JetBrains\WebStorm 2022.2\bin;;C:\Users\mksah\AppData\Local\Programs\Microsoft VS Code\bin;C:\Users\mksah\AppData\Roaming\npm;C:\Program Files\JetBrains\IntelliJ IDEA Community Edition 2023.3.2\bin;;."/>
    <property name="java.vm.info" value="mixed mode, sharing"/>
    <property name="java.vendor" value="Oracle Corporation"/>
    <property name="java.vm.version" value="17.0.8+9-LTS-211"/>
    <property name="sun.io.unicode.encoding" value="UnicodeLittle"/>
    <property name="java.class.version" value="61.0"/>
  </properties>
  <testcase name="calcSimpleIntrestAmountTestWithSmallAmount" classname="com.sahoo.test.BankLoanServiceTest" time="5.082">
    <system-out><![CDATA[BankLoanServiceTest.createOnce()
BankLoanServiceTest.calcSimpleIntrestAmountTestWithSmallAmount()
BankLoanService.calcSimpleIntrestAmount()
]]></system-out>
  </testcase>
  <testcase name="calcSimpleIntrestAmountTestWithPerformanceTimer" classname="com.sahoo.test.BankLoanServiceTest" time="5.01">
    <system-out><![CDATA[BankLoanServiceTest.calcSimpleIntrestAmountTestWithPerformanceTimer()
BankLoanService.calcSimpleIntrestAmount()
]]></system-out>
  </testcase>
  <testcase name="calcSimpleIntrestAmountTestNoExceptionForPositiveInput" classname="com.sahoo.test.BankLoanServiceTest" time="5.015">
    <system-out><![CDATA[BankLoanServiceTest.calcSimpleIntrestAmountTestNoExceptionForPositiveInput()
BankLoanService.calcSimpleIntrestAmount()
]]></system-out>
  </testcase>
  <testcase name="calcSimpleIntrestAmountTestWithBigAmount" classname="com.sahoo.test.BankLoanServiceTest" time="0.0">
    <skipped message="public void com.sahoo.test.BankLoanServiceTest.calcSimpleIntrestAmountTestWithBigAmount() is @Disabled"/>
  </testcase>
  <testcase name="calcSimpleIntrestAmountTestWithInvalidInput" classname="com.sahoo.test.BankLoanServiceTest" time="0.005">
    <system-out><![CDATA[BankLoanServiceTest.calcSimpleIntrestAmountTestWithInvalidInput()
BankLoanService.calcSimpleIntrestAmount()
]]></system-out>
  </testcase>
</testsuite>